   15 lines identified from /home/rmb/Desktop/test/bl/spectrum

      Channel   Wavelength   Calculated  Discrepancy  Line#
     689.3611    4193.5278    4193.0913      -0.4365      1    
    1070.4128    4500.9082    4501.3330       0.4248      2    
    1099.7250    4524.6807    4525.0068       0.3262      3    
    1222.9264    4624.2754    4624.4512       0.1758      4    
    1281.0541    4671.2256    4671.3374       0.1118      5    
    1359.0018    4734.1519    4734.1777       0.0259      6    
    1431.6571    4792.6191    4792.7168       0.0977      7    
    1449.2999    4807.0190    4806.9272      -0.0918      8    
    1477.4352    4829.7080    4829.5840      -0.1240      9    
    1494.3354    4843.2935    4843.1914      -0.1021     10    
    1723.9089    5028.2793    5027.8560      -0.4233     11    
    2052.5564    5292.2202    5291.6431      -0.5771     12    
    2111.4346    5339.3301    5338.8306      -0.4995     13    
    2179.7168    5392.7949    5393.5273       0.7324     14    
    2212.1648    5419.1499    5419.5093       0.3594     15    

 RMS error:       0.36, Line width used:  2.00

 Order of fit:   2

-0.3113251186904671D-05 0.8144015374652999D+00 0.3633154229969924D+04
